mode: set
github.com/example/shopfixture/billing/order.go:17.29,19.2 1 1
github.com/example/shopfixture/billing/order.go:28.23,30.2 1 0
github.com/example/shopfixture/billing/order.go:35.29,37.2 1 0
github.com/example/shopfixture/billing/order.go:42.31,43.15 1 1
github.com/example/shopfixture/billing/order.go:43.15,45.3 1 0
github.com/example/shopfixture/billing/order.go:46.2,46.14 1 1
github.com/example/shopfixture/shipping/order.go:13.29,15.2 1 0
github.com/example/shopfixture/shipping/order.go:22.29,24.2 1 0
github.com/example/shopfixture/shipping/order.go:29.27,30.17 1 0
github.com/example/shopfixture/shipping/order.go:30.17,32.3 1 0
github.com/example/shopfixture/shipping/order.go:33.2,33.15 1 0
github.com/example/shopfixture/shipping/order.go:50.38,51.18 1 0
github.com/example/shopfixture/shipping/order.go:51.18,53.3 1 0
github.com/example/shopfixture/shipping/order.go:54.2,54.10 1 0
github.com/example/shopfixture/billing/order.go:17.29,19.2 1 0
github.com/example/shopfixture/billing/order.go:28.23,30.2 1 0
github.com/example/shopfixture/billing/order.go:35.29,37.2 1 0
github.com/example/shopfixture/billing/order.go:42.31,43.15 1 0
github.com/example/shopfixture/billing/order.go:43.15,45.3 1 0
github.com/example/shopfixture/billing/order.go:46.2,46.14 1 0
github.com/example/shopfixture/shipping/order.go:13.29,15.2 1 1
github.com/example/shopfixture/shipping/order.go:22.29,24.2 1 1
github.com/example/shopfixture/shipping/order.go:29.27,30.17 1 1
github.com/example/shopfixture/shipping/order.go:30.17,32.3 1 0
github.com/example/shopfixture/shipping/order.go:33.2,33.15 1 1
github.com/example/shopfixture/shipping/order.go:50.38,51.18 1 1
github.com/example/shopfixture/shipping/order.go:51.18,53.3 1 0
github.com/example/shopfixture/shipping/order.go:54.2,54.10 1 1
